<?xml version="1.0" encoding="UTF-8"?>
<!-- Generated by org.testng.reporters.JUnitReportReporter -->
<testsuite skipped="0" hostname="IR-347" name="Moduleone.AddToCartReport" tests="1" failures="0" timestamp="01 Dec 2017 07:32:47 GMT" time="0.028" errors="0">
  <testcase name="clickonreport" time="0.028" classname="Moduleone.AddToCartReport"/>
</testsuite> <!-- Moduleone.AddToCartReport -->
