<?xml version="1.0" encoding="UTF-8"?>
<!-- Generated by org.testng.reporters.JUnitReportReporter -->
<testsuite skipped="0" hostname="IR-347" name="Moduletwo.Browserexample" tests="3" failures="0" timestamp="04 Dec 2017 14:50:26 GMT" time="11.236" errors="0">
  <testcase name="testParameterWithXML" time="0.272" classname="Moduletwo.Browserexample"/>
  <testcase name="testParameterWithXML" time="6.941" classname="Moduletwo.Browserexample"/>
  <testcase name="testParameterWithXML" time="4.023" classname="Moduletwo.Browserexample"/>
</testsuite> <!-- Moduletwo.Browserexample -->
