<?xml version="1.0" encoding="UTF-8"?>
<!-- Generated by org.testng.reporters.JUnitReportReporter -->
<testsuite skipped="0" hostname="IR-347" name="Moduletwo.Helloworld" tests="1" failures="0" timestamp="06 Dec 2017 10:33:29 GMT" time="0.026" errors="0">
  <testcase name="testex" time="0.026" classname="Moduletwo.Helloworld"/>
</testsuite> <!-- Moduletwo.Helloworld -->
